x:\visual projects\курсовая\x64\release\vc142.pdb
x:\visual projects\курсовая\x64\release\.netframework,version=v4.7.2.assemblyattributes.nativecodeanalysis.sarif
x:\visual projects\курсовая\x64\release\.netframework,version=v4.7.2.assemblyattributes.nativecodeanalysis.xml
x:\visual projects\курсовая\x64\release\result.nativecodeanalysis.sarif
x:\visual projects\курсовая\x64\release\result.nativecodeanalysis.xml
x:\visual projects\курсовая\x64\release\mainform.nativecodeanalysis.sarif
x:\visual projects\курсовая\x64\release\mainform.nativecodeanalysis.xml
x:\visual projects\курсовая\x64\release\graph.nativecodeanalysis.sarif
x:\visual projects\курсовая\x64\release\graph.nativecodeanalysis.xml
x:\visual projects\курсовая\x64\release\graph.obj
x:\visual projects\курсовая\x64\release\mainform.obj
x:\visual projects\курсовая\x64\release\result.obj
x:\visual projects\курсовая\x64\release\.netframework,version=v4.7.2.assemblyattributes.obj
x:\учеба\гробница курсовых\шаляпин\курсовая\x64\release\vc142.pdb
x:\учеба\гробница курсовых\шаляпин\курсовая\x64\release\.netframework,version=v4.7.2.assemblyattributes.obj
x:\visual projects\курсовая\x64\release\graph mst.exe
x:\visual projects\курсовая\x64\release\graph mst.pdb
x:\visual projects\курсовая\x64\release\курсовая.res
x:\visual projects\курсовая\x64\release\курсовая.mainform.resources
x:\visual projects\курсовая\x64\release\курсовая.result.resources
x:\учеба\гробница курсовых\шаляпин\курсовая\x64\release\курсовая.vcxproj.generateresource.cache
x:\учеба\гробница курсовых\шаляпин\курсовая\x64\release\курсовая.vcxprojassemblyreference.cache
x:\учеба\гробница курсовых\шаляпин\курсовая\x64\release\graph.obj
x:\учеба\гробница курсовых\шаляпин\курсовая\x64\release\mainform.obj
x:\учеба\гробница курсовых\шаляпин\курсовая\x64\release\result.obj
x:\учеба\гробница курсовых\шаляпин\курсовая\x64\release\курсовая.mainform.resources
x:\учеба\гробница курсовых\шаляпин\курсовая\x64\release\курсовая.result.resources
x:\учеба\гробница курсовых\шаляпин\курсовая\x64\release\курсовая.res
x:\учеба\гробница курсовых\шаляпин\курсовая\x64\release\курсовая1.res
x:\учеба\гробница курсовых\шаляпин\курсовая\x64\release\graph mst.pdb
x:\учеба\гробница курсовых\шаляпин\курсовая\x64\release\курсовая.pdb
x:\учеба\гробница курсовых\шаляпин\курсовая\x64\release\.netframework,version=v4.7.2.assemblyattributes.nativecodeanalysis.xml
x:\учеба\гробница курсовых\шаляпин\курсовая\x64\release\graph.nativecodeanalysis.xml
x:\учеба\гробница курсовых\шаляпин\курсовая\x64\release\mainform.nativecodeanalysis.xml
x:\учеба\гробница курсовых\шаляпин\курсовая\x64\release\result.nativecodeanalysis.xml
x:\учеба\гробница курсовых\шаляпин\курсовая\x64\release\vc.nativecodeanalysis.all.xml
x:\учеба\гробница курсовых\шаляпин\курсовая\x64\release\graph mst.exe.metagen
x:\учеба\гробница курсовых\шаляпин\курсовая\x64\release\курсовая.exe.metagen
x:\учеба\гробница курсовых\шаляпин\курсовая\x64\release\graph mst.exe
x:\учеба\гробница курсовых\шаляпин\курсовая\x64\release\курсовая.tlog\cl.command.1.tlog
x:\учеба\гробница курсовых\шаляпин\курсовая\x64\release\курсовая.tlog\cl.read.1.tlog
x:\учеба\гробница курсовых\шаляпин\курсовая\x64\release\курсовая.tlog\cl.write.1.tlog
x:\учеба\гробница курсовых\шаляпин\курсовая\x64\release\курсовая.tlog\link.command.1.tlog
x:\учеба\гробница курсовых\шаляпин\курсовая\x64\release\курсовая.tlog\link.read.1.tlog
x:\учеба\гробница курсовых\шаляпин\курсовая\x64\release\курсовая.tlog\link.write.1.tlog
x:\учеба\гробница курсовых\шаляпин\курсовая\x64\release\курсовая.tlog\metagen.read.1.tlog
x:\учеба\гробница курсовых\шаляпин\курсовая\x64\release\курсовая.tlog\metagen.write.1.tlog
x:\учеба\гробница курсовых\шаляпин\курсовая\x64\release\курсовая.tlog\rc.command.1.tlog
x:\учеба\гробница курсовых\шаляпин\курсовая\x64\release\курсовая.tlog\rc.read.1.tlog
x:\учеба\гробница курсовых\шаляпин\курсовая\x64\release\курсовая.tlog\rc.write.1.tlog
x:\учеба\гробница курсовых\шаляпин\курсовая\x64\release\курсовая.tlog\курсовая.write.1u.tlog
