x:\visual projects\курсовая\x64\debug\vc142.pdb
x:\visual projects\курсовая\x64\debug\.netframework,version=v4.7.2.assemblyattributes.obj
x:\visual projects\курсовая\x64\debug\result.obj
x:\visual projects\курсовая\x64\debug\mainform.obj
x:\visual projects\курсовая\x64\debug\graph.obj
x:\visual projects\курсовая\x64\debug\курсовая.exe
x:\visual projects\курсовая\x64\debug\курсовая.pdb
x:\visual projects\курсовая\x64\debug\курсовая.res
x:\visual projects\курсовая\x64\debug\курсовая.mainform.resources
x:\visual projects\курсовая\x64\debug\курсовая.result.resources
x:\visual projects\курсовая\x64\debug\курсовая.exe.metagen
x:\visual projects\курсовая\x64\debug\курсовая.tlog\cl.command.1.tlog
x:\visual projects\курсовая\x64\debug\курсовая.tlog\cl.read.1.tlog
x:\visual projects\курсовая\x64\debug\курсовая.tlog\cl.write.1.tlog
x:\visual projects\курсовая\x64\debug\курсовая.tlog\link.command.1.tlog
x:\visual projects\курсовая\x64\debug\курсовая.tlog\link.read.1.tlog
x:\visual projects\курсовая\x64\debug\курсовая.tlog\link.write.1.tlog
x:\visual projects\курсовая\x64\debug\курсовая.tlog\metagen.read.1.tlog
x:\visual projects\курсовая\x64\debug\курсовая.tlog\metagen.write.1.tlog
x:\visual projects\курсовая\x64\debug\курсовая.tlog\rc.command.1.tlog
x:\visual projects\курсовая\x64\debug\курсовая.tlog\rc.read.1.tlog
x:\visual projects\курсовая\x64\debug\курсовая.tlog\rc.write.1.tlog
x:\visual projects\курсовая\x64\debug\курсовая.tlog\курсовая.write.1u.tlog
